#
# There is insufficient memory for the Java Runtime Environment to continue.
# Native memory allocation (mmap) failed to map 32505856 bytes for Failed to commit area from 0x000000008b400000 to 0x000000008d300000 of length 32505856.
# Possible reasons:
#   The system is out of physical RAM or swap space
#   The process is running with CompressedOops enabled, and the Java Heap may be blocking the growth of the native heap
# Possible solutions:
#   Reduce memory load on the system
#   Increase physical memory or swap space
#   Check if swap backing store is full
#   Decrease Java heap size (-Xmx/-Xms)
#   Decrease number of Java threads
#   Decrease Java thread stack sizes (-Xss)
#   Set larger code cache with -XX:ReservedCodeCacheSize=
#   JVM is running with Unscaled Compressed Oops mode in which the Java heap is
#     placed in the first 4GB address space. The Java Heap base address is the
#     maximum limit for the native heap growth. Please use -XX:HeapBaseMinAddress
#     to set the Java Heap base and to place the Java Heap above 4GB virtual address.
# This output file may be truncated or incomplete.
#
#  Out of Memory Error (c:/BuildAgent/work/5ff2f6c26000d570/src/hotspot/os/windows/os_windows.cpp:3281), pid=3776, tid=15808
#
# JRE version: OpenJDK Runtime Environment (11.0.4+10) (build 11.0.4+10-b304.77)
# Java VM: OpenJDK 64-Bit Server VM (11.0.4+10-b304.77, mixed mode, sharing, tiered, compressed oops, g1 gc, windows-amd64)
# No core dump will be written. Minidumps are not enabled by default on client versions of Windows
#

---------------  S U M M A R Y ------------

Command Line: -agentlib:jdwp=transport=dt_socket,address=127.0.0.1:53972,suspend=y,server=n -XX:TieredStopAtLevel=1 -Xverify:none -Dspring.output.ansi.enabled=always -Dcom.sun.management.jmxremote -Dspring.jmx.enabled=true -Dspring.liveBeansView.mbeanDomain -Dspring.application.admin.enabled=true -javaagent:C:\Users\9E4A~1\AppData\Local\Temp\captureAgent1021jars\debugger-agent.jar -Dfile.encoding=UTF-8 com.server.testplatform.testplatform.TestplatformApplication

Host: Intel(R) Celeron(R) CPU 1037U @ 1.80GHz, 2 cores, 7G,  Windows 8.1 , 64 bit Build 9600 (6.3.9600.17415)
Time: Mon Jul  4 13:26:55 2022 RTZ 4 (ceia) elapsed time: 20 seconds (0d 0h 0m 20s)

---------------  T H R E A D  ---------------

Current thread (0x0000002a68d73800):  VMThread "VM Thread" [stack: 0x0000002a697d0000,0x0000002a698d0000] [id=15808]

Stack: [0x0000002a697d0000,0x0000002a698d0000]
[error occurred during error reporting (printing stack bounds), id 0xc0000005, EXCEPTION_ACCESS_VIOLATION (0xc0000005) at pc=0x0000002a52e70bbd]

Native frames: (J=compiled Java code, j=interpreted, Vv=VM code, C=native code)
V  [jvm.dll+0x5db31a]
V  [jvm.dll+0x70c395]
V  [jvm.dll+0x70d8b8]
V  [jvm.dll+0x70dee5]
V  [jvm.dll+0x70de9b]
V  [jvm.dll+0x5daa98]
V  [jvm.dll+0x5daf08]
C  [ntdll.dll+0x933fd]
C  [ntdll.dll+0x54847]
C  [ntdll.dll+0x9258a]
C  0x0000002a52e70bbd

VM_Operation (0x0000002a6bcbb680): G1CollectForAllocation, mode: safepoint, requested by thread 0x0000002a6adf5000


---------------  P R O C E S S  ---------------

Threads class SMR info:
_java_thread_list=0x0000002a6f31b4d0, length=23, elements={
0x0000002a4eff1800, 0x0000002a68d7c800, 0x0000002a68d7e000, 0x0000002a68d98800,
0x0000002a68d9b800, 0x0000002a68d9d800, 0x0000002a68dc2000, 0x0000002a69f94800,
0x0000002a69fd0800, 0x0000002a69fe1000, 0x0000002a69fe3800, 0x0000002a6a75c800,
0x0000002a6a90e000, 0x0000002a6adbb800, 0x0000002a6acd0000, 0x0000002a6aa1e000,
0x0000002a6adf5000, 0x0000002a6c8cc000, 0x0000002a6c8cd000, 0x0000002a6c8cb800,
0x0000002a6c8ca800, 0x0000002a6cdbb800, 0x0000002a6cdb9800
}

Java Threads: ( => current thread )
  0x0000002a4eff1800 JavaThread "main" [_thread_blocked, id=15496, stack(0x0000002a4d0f0000,0x0000002a4d1f0000)]
  0x0000002a68d7c800 JavaThread "Reference Handler" daemon [_thread_blocked, id=16596, stack(0x0000002a698d0000,0x0000002a699d0000)]
  0x0000002a68d7e000 JavaThread "Finalizer" daemon [_thread_blocked, id=14392, stack(0x0000002a699d0000,0x0000002a69ad0000)]
  0x0000002a68d98800 JavaThread "Signal Dispatcher" daemon [_thread_blocked, id=11924, stack(0x0000002a69ad0000,0x0000002a69bd0000)]
  0x0000002a68d9b800 JavaThread "Attach Listener" daemon [_thread_blocked, id=3656, stack(0x0000002a69bd0000,0x0000002a69cd0000)]
  0x0000002a68d9d800 JavaThread "C1 CompilerThread0" daemon [_thread_blocked, id=11624, stack(0x0000002a69cd0000,0x0000002a69dd0000)]
  0x0000002a68dc2000 JavaThread "Sweeper thread" daemon [_thread_blocked, id=1636, stack(0x0000002a69dd0000,0x0000002a69ed0000)]
  0x0000002a69f94800 JavaThread "Common-Cleaner" daemon [_thread_blocked, id=16124, stack(0x0000002a6a2d0000,0x0000002a6a3d0000)]
  0x0000002a69fd0800 JavaThread "JDWP Transport Listener: dt_socket" daemon [_thread_blocked, id=13636, stack(0x0000002a6a3d0000,0x0000002a6a4d0000)]
  0x0000002a69fe1000 JavaThread "JDWP Event Helper Thread" daemon [_thread_blocked, id=14360, stack(0x0000002a6a4d0000,0x0000002a6a5d0000)]
  0x0000002a69fe3800 JavaThread "JDWP Command Reader" daemon [_thread_in_native, id=12988, stack(0x0000002a6a5d0000,0x0000002a6a6d0000)]
  0x0000002a6a75c800 JavaThread "Service Thread" daemon [_thread_blocked, id=14608, stack(0x0000002a6afd0000,0x0000002a6b0d0000)]
  0x0000002a6a90e000 JavaThread "RMI TCP Accept-0" daemon [_thread_in_native, id=13760, stack(0x0000002a6b4d0000,0x0000002a6b5d0000)]
  0x0000002a6adbb800 JavaThread "RMI TCP Connection(1)-192.168.99.1" daemon [_thread_in_native, id=11544, stack(0x0000002a6b7c0000,0x0000002a6b8c0000)]
  0x0000002a6acd0000 JavaThread "RMI Scheduler(0)" daemon [_thread_blocked, id=15396, stack(0x0000002a6b8c0000,0x0000002a6b9c0000)]
  0x0000002a6aa1e000 JavaThread "Thread-0" [_thread_blocked, id=16764, stack(0x0000002a6b9c0000,0x0000002a6bac0000)]
  0x0000002a6adf5000 JavaThread "restartedMain" [_thread_blocked, id=16388, stack(0x0000002a6bbc0000,0x0000002a6bcc0000)]
  0x0000002a6c8cc000 JavaThread "Catalina-utility-1" [_thread_blocked, id=1660, stack(0x0000002a6bac0000,0x0000002a6bbc0000)]
  0x0000002a6c8cd000 JavaThread "Catalina-utility-2" [_thread_blocked, id=12256, stack(0x0000002a6de90000,0x0000002a6df90000)]
  0x0000002a6c8cb800 JavaThread "container-0" [_thread_blocked, id=14000, stack(0x0000002a6df90000,0x0000002a6e090000)]
  0x0000002a6c8ca800 JavaThread "mysql-cj-abandoned-connection-cleanup" daemon [_thread_blocked, id=7384, stack(0x0000002a6e090000,0x0000002a6e190000)]
  0x0000002a6cdbb800 JavaThread "HikariPool-1 housekeeper" daemon [_thread_blocked, id=15508, stack(0x0000002a6e890000,0x0000002a6e990000)]
  0x0000002a6cdb9800 JavaThread "HikariPool-1 connection adder" daemon [_thread_blocked, id=2868, stack(0x0000002a6fb60000,0x0000002a6fc60000)]

Other Threads:
=>0x0000002a68d73800 VMThread "VM Thread" [stack: 0x0000002a697d0000,0x0000002a698d0000] [id=15808]
  0x0000002a6a993800 WatcherThread [stack: 0x0000002a6b5d0000,0x0000002a6b6d0000] [id=16180]
  0x0000002a4f008000 GCTaskThread "GC Thread#0" [stack: 0x0000002a4e970000,0x0000002a4ea70000] [id=8976]
  0x0000002a6a013000 GCTaskThread "GC Thread#1" [stack: 0x0000002a6aed0000,0x0000002a6afd0000] [id=14636]
  0x0000002a4f038800 ConcurrentGCThread "G1 Main Marker" [stack: 0x0000002a4eca0000,0x0000002a4eda0000] [id=15608]
  0x0000002a4f03a000 ConcurrentGCThread "G1 Conc#0" [stack: 0x0000002a4eda0000,0x0000002a4eea0000] [id=7968]
  0x0000002a68c08800 ConcurrentGCThread "G1 Refine#0" [stack: 0x0000002a68dd0000,0x0000002a68ed0000] [id=10380]
  0x0000002a68c0a800 ConcurrentGCThread "G1 Young RemSet Sampling" [stack: 0x0000002a68ed0000,0x0000002a68fd0000] [id=12956]

Threads with active compile tasks:

VM state:at safepoint (normal execution)

VM Mutex/Monitor currently owned by a thread:  ([mutex/lock_event])
[0x0000002a4eff0700] Threads_lock - owner thread: 0x0000002a68d73800
[0x0000002a4eff0ee0] Heap_lock - owner thread: 0x0000002a6adf5000

Heap address: 0x0000000081a00000, size: 2022 MB, Compressed Oops mode: 32-bit
Narrow klass base: 0x0000000800000000, Narrow klass shift: 3
Compressed class space size: 1073741824 Address: 0x0000000840000000

Heap:
 garbage-first heap   total 189440K, used 27295K [0x0000000081a00000, 0x0000000100000000)
  region size 1024K, 10 young (10240K), 10 survivors (10240K)
 Metaspace       used 54683K, capacity 56805K, committed 57008K, reserved 1097728K
  class space    used 7563K, capacity 8391K, committed 8448K, reserved 1048576K
Heap Regions: E=young(eden), S=young(survivor), O=old, HS=humongous(starts), HC=humongous(continues), CS=collection set, F=free, A=archive, TAMS=top-at-mark-start (previous, next)
|   0|0x0000000081a00000, 0x0000000081b00000, 0x0000000081b00000|100%|HS|  |TAMS 0x0000000081b00000, 0x0000000081a00000| Complete 
|   1|0x0000000081b00000, 0x0000000081c00000, 0x0000000081c00000|100%| O|  |TAMS 0x0000000081c00000, 0x0000000081b00000| Untracked 
|   2|0x0000000081c00000, 0x0000000081d00000, 0x0000000081d00000|100%| O|  |TAMS 0x0000000081d00000, 0x0000000081c00000| Untracked 
|   3|0x0000000081d00000, 0x0000000081e00000, 0x0000000081e00000|100%| O|  |TAMS 0x0000000081e00000, 0x0000000081d00000| Untracked 
|   4|0x0000000081e00000, 0x0000000081f00000, 0x0000000081f00000|100%| O|  |TAMS 0x0000000081f00000, 0x0000000081e00000| Untracked 
|   5|0x0000000081f00000, 0x0000000082000000, 0x0000000082000000|100%| O|  |TAMS 0x0000000082000000, 0x0000000081f00000| Untracked 
|   6|0x0000000082000000, 0x0000000082100000, 0x0000000082100000|100%| O|  |TAMS 0x0000000082100000, 0x0000000082000000| Untracked 
|   7|0x0000000082100000, 0x0000000082200000, 0x0000000082200000|100%| O|  |TAMS 0x0000000082200000, 0x0000000082100000| Untracked 
|   8|0x0000000082200000, 0x0000000082300000, 0x0000000082300000|100%| O|  |TAMS 0x0000000082300000, 0x0000000082200000| Untracked 
|   9|0x0000000082300000, 0x0000000082400000, 0x0000000082400000|100%| O|  |TAMS 0x0000000082400000, 0x0000000082300000| Untracked 
|  10|0x0000000082400000, 0x0000000082500000, 0x0000000082500000|100%| O|  |TAMS 0x0000000082500000, 0x0000000082400000| Untracked 
|  11|0x0000000082500000, 0x0000000082600000, 0x0000000082600000|100%| O|  |TAMS 0x0000000082566200, 0x0000000082500000| Untracked 
|  12|0x0000000082600000, 0x0000000082700000, 0x0000000082700000|100%| O|  |TAMS 0x0000000082600000, 0x0000000082600000| Untracked 
|  13|0x0000000082700000, 0x0000000082800000, 0x0000000082800000|100%| O|  |TAMS 0x0000000082700000, 0x0000000082700000| Untracked 
|  14|0x0000000082800000, 0x0000000082900000, 0x0000000082900000|100%| O|  |TAMS 0x0000000082800000, 0x0000000082800000| Untracked 
|  15|0x0000000082900000, 0x0000000082a00000, 0x0000000082a00000|100%| O|  |TAMS 0x0000000082900000, 0x0000000082900000| Untracked 
|  16|0x0000000082a00000, 0x0000000082b00000, 0x0000000082b00000|100%| O|  |TAMS 0x0000000082a00000, 0x0000000082a00000| Untracked 
|  17|0x0000000082b00000, 0x0000000082b27e00, 0x0000000082c00000| 15%| O|  |TAMS 0x0000000082b00000, 0x0000000082b00000| Untracked 
|  18|0x0000000082c00000, 0x0000000082c00000, 0x0000000082d00000|  0%| F|  |TAMS 0x0000000082c00000, 0x0000000082c00000| Untracked 
|  19|0x0000000082d00000, 0x0000000082d00000, 0x0000000082e00000|  0%| F|  |TAMS 0x0000000082d00000, 0x0000000082d00000| Untracked 
|  20|0x0000000082e00000, 0x0000000082e00000, 0x0000000082f00000|  0%| F|  |TAMS 0x0000000082e00000, 0x0000000082e00000| Untracked 
|  21|0x0000000082f00000, 0x0000000082f00000, 0x0000000083000000|  0%| F|  |TAMS 0x0000000082f00000, 0x0000000082f00000| Untracked 
|  22|0x0000000083000000, 0x0000000083000000, 0x0000000083100000|  0%| F|  |TAMS 0x0000000083000000, 0x0000000083000000| Untracked 
|  23|0x0000000083100000, 0x0000000083100000, 0x0000000083200000|  0%| F|  |TAMS 0x0000000083100000, 0x0000000083100000| Untracked 
|  24|0x0000000083200000, 0x0000000083200000, 0x0000000083300000|  0%| F|  |TAMS 0x0000000083200000, 0x0000000083200000| Untracked 
|  25|0x0000000083300000, 0x0000000083300000, 0x0000000083400000|  0%| F|  |TAMS 0x0000000083300000, 0x0000000083300000| Untracked 
|  26|0x0000000083400000, 0x0000000083400000, 0x0000000083500000|  0%| F|  |TAMS 0x0000000083400000, 0x0000000083400000| Untracked 
|  27|0x0000000083500000, 0x0000000083500000, 0x0000000083600000|  0%| F|  |TAMS 0x0000000083500000, 0x0000000083500000| Untracked 
|  28|0x0000000083600000, 0x0000000083600000, 0x0000000083700000|  0%| F|  |TAMS 0x0000000083600000, 0x0000000083600000| Untracked 
|  29|0x0000000083700000, 0x0000000083700000, 0x0000000083800000|  0%| F|  |TAMS 0x0000000083700000, 0x0000000083700000| Untracked 
|  30|0x0000000083800000, 0x0000000083800000, 0x0000000083900000|  0%| F|  |TAMS 0x0000000083800000, 0x0000000083800000| Untracked 
|  31|0x0000000083900000, 0x0000000083900000, 0x0000000083a00000|  0%| F|  |TAMS 0x0000000083900000, 0x0000000083900000| Untracked 
|  32|0x0000000083a00000, 0x0000000083a00000, 0x0000000083b00000|  0%| F|  |TAMS 0x0000000083a00000, 0x0000000083a00000| Untracked 
|  33|0x0000000083b00000, 0x0000000083b00000, 0x0000000083c00000|  0%| F|  |TAMS 0x0000000083b00000, 0x0000000083b00000| Untracked 
|  34|0x0000000083c00000, 0x0000000083c00000, 0x0000000083d00000|  0%| F|  |TAMS 0x0000000083c00000, 0x0000000083c00000| Untracked 
|  35|0x0000000083d00000, 0x0000000083d00000, 0x0000000083e00000|  0%| F|  |TAMS 0x0000000083d00000, 0x0000000083d00000| Untracked 
|  36|0x0000000083e00000, 0x0000000083e00000, 0x0000000083f00000|  0%| F|  |TAMS 0x0000000083e00000, 0x0000000083e00000| Untracked 
|  37|0x0000000083f00000, 0x0000000083f00000, 0x0000000084000000|  0%| F|  |TAMS 0x0000000083f00000, 0x0000000083f00000| Untracked 
|  38|0x0000000084000000, 0x0000000084000000, 0x0000000084100000|  0%| F|  |TAMS 0x0000000084000000, 0x0000000084000000| Untracked 
|  39|0x0000000084100000, 0x0000000084100000, 0x0000000084200000|  0%| F|  |TAMS 0x0000000084100000, 0x0000000084100000| Untracked 
|  40|0x0000000084200000, 0x0000000084200000, 0x0000000084300000|  0%| F|  |TAMS 0x0000000084200000, 0x0000000084200000| Untracked 
|  41|0x0000000084300000, 0x0000000084300000, 0x0000000084400000|  0%| F|  |TAMS 0x0000000084300000, 0x0000000084300000| Untracked 
|  42|0x0000000084400000, 0x0000000084400000, 0x0000000084500000|  0%| F|  |TAMS 0x0000000084400000, 0x0000000084400000| Untracked 
|  43|0x0000000084500000, 0x0000000084500000, 0x0000000084600000|  0%| F|  |TAMS 0x0000000084500000, 0x0000000084500000| Untracked 
|  44|0x0000000084600000, 0x0000000084600000, 0x0000000084700000|  0%| F|  |TAMS 0x0000000084600000, 0x0000000084600000| Untracked 
|  45|0x0000000084700000, 0x0000000084700000, 0x0000000084800000|  0%| F|  |TAMS 0x0000000084700000, 0x0000000084700000| Untracked 
|  46|0x0000000084800000, 0x0000000084800000, 0x0000000084900000|  0%| F|  |TAMS 0x0000000084800000, 0x0000000084800000| Untracked 
|  47|0x0000000084900000, 0x0000000084900000, 0x0000000084a00000|  0%| F|  |TAMS 0x0000000084900000, 0x0000000084900000| Untracked 
|  48|0x0000000084a00000, 0x0000000084a00000, 0x0000000084b00000|  0%| F|  |TAMS 0x0000000084a00000, 0x0000000084a00000| Untracked 
|  49|0x0000000084b00000, 0x0000000084b00000, 0x0000000084c00000|  0%| F|  |TAMS 0x0000000084b00000, 0x0000000084b00000| Untracked 
|  50|0x0000000084c00000, 0x0000000084c00000, 0x0000000084d00000|  0%| F|  |TAMS 0x0000000084c00000, 0x0000000084c00000| Untracked 
|  51|0x0000000084d00000, 0x0000000084d00000, 0x0000000084e00000|  0%| F|  |TAMS 0x0000000084d00000, 0x0000000084d00000| Untracked 
|  52|0x0000000084e00000, 0x0000000084e00000, 0x0000000084f00000|  0%| F|  |TAMS 0x0000000084e00000, 0x0000000084e00000| Untracked 
|  53|0x0000000084f00000, 0x0000000084f00000, 0x0000000085000000|  0%| F|  |TAMS 0x0000000084f00000, 0x0000000084f00000| Untracked 
|  54|0x0000000085000000, 0x0000000085000000, 0x0000000085100000|  0%| F|  |TAMS 0x0000000085000000, 0x0000000085000000| Untracked 
|  55|0x0000000085100000, 0x0000000085100000, 0x0000000085200000|  0%| F|  |TAMS 0x0000000085100000, 0x0000000085100000| Untracked 
|  56|0x0000000085200000, 0x0000000085200000, 0x0000000085300000|  0%| F|  |TAMS 0x0000000085200000, 0x0000000085200000| Untracked 
|  57|0x0000000085300000, 0x0000000085300000, 0x0000000085400000|  0%| F|  |TAMS 0x0000000085300000, 0x0000000085300000| Untracked 
|  58|0x0000000085400000, 0x0000000085400000, 0x0000000085500000|  0%| F|  |TAMS 0x0000000085400000, 0x0000000085400000| Untracked 
|  59|0x0000000085500000, 0x0000000085500000, 0x0000000085600000|  0%| F|  |TAMS 0x0000000085500000, 0x0000000085500000| Untracked 
|  60|0x0000000085600000, 0x0000000085600000, 0x0000000085700000|  0%| F|  |TAMS 0x0000000085600000, 0x0000000085600000| Untracked 
|  61|0x0000000085700000, 0x0000000085700000, 0x0000000085800000|  0%| F|  |TAMS 0x0000000085700000, 0x0000000085700000| Untracked 
|  62|0x0000000085800000, 0x0000000085880000, 0x0000000085900000| 50%| S|CS|TAMS 0x0000000085800000, 0x0000000085800000| Complete 
|  63|0x0000000085900000, 0x0000000085a00000, 0x0000000085a00000|100%| S|CS|TAMS 0x0000000085900000, 0x0000000085900000| Complete 
|  64|0x0000000085a00000, 0x0000000085b00000, 0x0000000085b00000|100%| S|CS|TAMS 0x0000000085a00000, 0x0000000085a00000| Complete 
|  65|0x0000000085b00000, 0x0000000085c00000, 0x0000000085c00000|100%| S|CS|TAMS 0x0000000085b00000, 0x0000000085b00000| Complete 
|  66|0x0000000085c00000, 0x0000000085d00000, 0x0000000085d00000|100%| S|CS|TAMS 0x0000000085c00000, 0x0000000085c00000| Complete 
|  67|0x0000000085d00000, 0x0000000085e00000, 0x0000000085e00000|100%| S|CS|TAMS 0x0000000085d00000, 0x0000000085d00000| Complete 
|  68|0x0000000085e00000, 0x0000000085f00000, 0x0000000085f00000|100%| S|CS|TAMS 0x0000000085e00000, 0x0000000085e00000| Complete 
|  69|0x0000000085f00000, 0x0000000086000000, 0x0000000086000000|100%| S|CS|TAMS 0x0000000085f00000, 0x0000000085f00000| Complete 
|  70|0x0000000086000000, 0x0000000086100000, 0x0000000086100000|100%| S|CS|TAMS 0x0000000086000000, 0x0000000086000000| Complete 
|  71|0x0000000086100000, 0x0000000086200000, 0x0000000086200000|100%| S|CS|TAMS 0x0000000086100000, 0x0000000086100000| Complete 
|  72|0x0000000086200000, 0x0000000086200000, 0x0000000086300000|  0%| F|  |TAMS 0x0000000086200000, 0x0000000086200000| Untracked 
|  73|0x0000000086300000, 0x0000000086300000, 0x0000000086400000|  0%| F|  |TAMS 0x0000000086300000, 0x0000000086300000| Untracked 
|  74|0x0000000086400000, 0x0000000086400000, 0x0000000086500000|  0%| F|  |TAMS 0x0000000086400000, 0x0000000086400000| Untracked 
|  75|0x0000000086500000, 0x0000000086500000, 0x0000000086600000|  0%| F|  |TAMS 0x0000000086500000, 0x0000000086500000| Untracked 
|  76|0x0000000086600000, 0x0000000086600000, 0x0000000086700000|  0%| F|  |TAMS 0x0000000086600000, 0x0000000086600000| Untracked 
|  77|0x0000000086700000, 0x0000000086700000, 0x0000000086800000|  0%| F|  |TAMS 0x0000000086700000, 0x0000000086700000| Untracked 
|  78|0x0000000086800000, 0x0000000086800000, 0x0000000086900000|  0%| F|  |TAMS 0x0000000086800000, 0x0000000086800000| Untracked 
|  79|0x0000000086900000, 0x0000000086900000, 0x0000000086a00000|  0%| F|  |TAMS 0x0000000086900000, 0x0000000086900000| Untracked 
|  80|0x0000000086a00000, 0x0000000086a00000, 0x0000000086b00000|  0%| F|  |TAMS 0x0000000086a00000, 0x0000000086a00000| Untracked 
|  81|0x0000000086b00000, 0x0000000086b00000, 0x0000000086c00000|  0%| F|  |TAMS 0x0000000086b00000, 0x0000000086b00000| Untracked 
|  82|0x0000000086c00000, 0x0000000086c00000, 0x0000000086d00000|  0%| F|  |TAMS 0x0000000086c00000, 0x0000000086c00000| Untracked 
|  83|0x0000000086d00000, 0x0000000086d00000, 0x0000000086e00000|  0%| F|  |TAMS 0x0000000086d00000, 0x0000000086d00000| Untracked 
|  84|0x0000000086e00000, 0x0000000086e00000, 0x0000000086f00000|  0%| F|  |TAMS 0x0000000086e00000, 0x0000000086e00000| Untracked 
|  85|0x0000000086f00000, 0x0000000086f00000, 0x0000000087000000|  0%| F|  |TAMS 0x0000000086f00000, 0x0000000086f00000| Untracked 
|  86|0x0000000087000000, 0x0000000087000000, 0x0000000087100000|  0%| F|  |TAMS 0x0000000087000000, 0x0000000087000000| Untracked 
|  87|0x0000000087100000, 0x0000000087100000, 0x0000000087200000|  0%| F|  |TAMS 0x0000000087100000, 0x0000000087100000| Untracked 
|  88|0x0000000087200000, 0x0000000087200000, 0x0000000087300000|  0%| F|  |TAMS 0x0000000087200000, 0x0000000087200000| Untracked 
|  89|0x0000000087300000, 0x0000000087300000, 0x0000000087400000|  0%| F|  |TAMS 0x0000000087300000, 0x0000000087300000| Untracked 
|  90|0x0000000087400000, 0x0000000087400000, 0x0000000087500000|  0%| F|  |TAMS 0x0000000087400000, 0x0000000087400000| Untracked 
|  91|0x0000000087500000, 0x0000000087500000, 0x0000000087600000|  0%| F|  |TAMS 0x0000000087500000, 0x0000000087500000| Untracked 
|  92|0x0000000087600000, 0x0000000087600000, 0x0000000087700000|  0%| F|  |TAMS 0x0000000087600000, 0x0000000087600000| Untracked 
|  93|0x0000000087700000, 0x0000000087700000, 0x0000000087800000|  0%| F|  |TAMS 0x0000000087700000, 0x0000000087700000| Untracked 
|  94|0x0000000087800000, 0x0000000087800000, 0x0000000087900000|  0%| F|  |TAMS 0x0000000087800000, 0x0000000087800000| Untracked 
|  95|0x0000000087900000, 0x0000000087900000, 0x0000000087a00000|  0%| F|  |TAMS 0x0000000087900000, 0x0000000087900000| Untracked 
|  96|0x0000000087a00000, 0x0000000087a00000, 0x0000000087b00000|  0%| F|  |TAMS 0x0000000087a00000, 0x0000000087a00000| Untracked 
|  97|0x0000000087b00000, 0x0000000087b00000, 0x0000000087c00000|  0%| F|  |TAMS 0x0000000087b00000, 0x0000000087b00000| Untracked 
|  98|0x0000000087c00000, 0x0000000087c00000, 0x0000000087d00000|  0%| F|  |TAMS 0x0000000087c00000, 0x0000000087c00000| Untracked 
|  99|0x0000000087d00000, 0x0000000087d00000, 0x0000000087e00000|  0%| F|  |TAMS 0x0000000087d00000, 0x0000000087d00000| Untracked 
| 100|0x0000000087e00000, 0x0000000087e00000, 0x0000000087f00000|  0%| F|  |TAMS 0x0000000087e00000, 0x0000000087e00000| Untracked 
| 101|0x0000000087f00000, 0x0000000087f00000, 0x0000000088000000|  0%| F|  |TAMS 0x0000000087f00000, 0x0000000087f00000| Untracked 
| 102|0x0000000088000000, 0x0000000088000000, 0x0000000088100000|  0%| F|  |TAMS 0x0000000088000000, 0x0000000088000000| Untracked 
| 103|0x0000000088100000, 0x0000000088100000, 0x0000000088200000|  0%| F|  |TAMS 0x0000000088100000, 0x0000000088100000| Untracked 
| 104|0x0000000088200000, 0x0000000088200000, 0x0000000088300000|  0%| F|  |TAMS 0x0000000088200000, 0x0000000088200000| Untracked 
| 105|0x0000000088300000, 0x0000000088300000, 0x0000000088400000|  0%| F|  |TAMS 0x0000000088300000, 0x0000000088300000| Untracked 
| 106|0x0000000088400000, 0x0000000088400000, 0x0000000088500000|  0%| F|  |TAMS 0x0000000088400000, 0x0000000088400000| Untracked 
| 107|0x0000000088500000, 0x0000000088500000, 0x0000000088600000|  0%| F|  |TAMS 0x0000000088500000, 0x0000000088500000| Untracked 
| 108|0x0000000088600000, 0x0000000088600000, 0x0000000088700000|  0%| F|  |TAMS 0x0000000088600000, 0x0000000088600000| Untracked 
| 109|0x0000000088700000, 0x0000000088700000, 0x0000000088800000|  0%| F|  |TAMS 0x0000000088700000, 0x0000000088700000| Untracked 
| 110|0x0000000088800000, 0x0000000088800000, 0x0000000088900000|  0%| F|  |TAMS 0x0000000088800000, 0x0000000088800000| Untracked 
| 111|0x0000000088900000, 0x0000000088900000, 0x0000000088a00000|  0%| F|  |TAMS 0x0000000088900000, 0x0000000088900000| Untracked 
| 112|0x0000000088a00000, 0x0000000088a00000, 0x0000000088b00000|  0%| F|  |TAMS 0x0000000088a00000, 0x0000000088a00000| Untracked 
| 113|0x0000000088b00000, 0x0000000088b00000, 0x0000000088c00000|  0%| F|  |TAMS 0x0000000088b00000, 0x0000000088b00000| Untracked 
| 114|0x0000000088c00000, 0x0000000088c00000, 0x0000000088d00000|  0%| F|  |TAMS 0x0000000088c00000, 0x0000000088c00000| Untracked 
| 115|0x0000000088d00000, 0x0000000088d00000, 0x0000000088e00000|  0%| F|  |TAMS 0x0000000088d00000, 0x0000000088d00000| Untracked 
| 116|0x0000000088e00000, 0x0000000088e00000, 0x0000000088f00000|  0%| F|  |TAMS 0x0000000088e00000, 0x0000000088e00000| Untracked 
| 117|0x0000000088f00000, 0x0000000088f00000, 0x0000000089000000|  0%| F|  |TAMS 0x0000000088f00000, 0x0000000088f00000| Untracked 
| 118|0x0000000089000000, 0x0000000089000000, 0x0000000089100000|  0%| F|  |TAMS 0x0000000089000000, 0x0000000089000000| Untracked 
| 119|0x0000000089100000, 0x0000000089100000, 0x0000000089200000|  0%| F|  |TAMS 0x0000000089100000, 0x0000000089100000| Untracked 
| 120|0x0000000089200000, 0x0000000089200000, 0x0000000089300000|  0%| F|  |TAMS 0x0000000089200000, 0x0000000089200000| Untracked 
| 121|0x0000000089300000, 0x0000000089300000, 0x0000000089400000|  0%| F|  |TAMS 0x0000000089300000, 0x0000000089300000| Untracked 
| 122|0x0000000089400000, 0x0000000089400000, 0x0000000089500000|  0%| F|  |TAMS 0x0000000089400000, 0x0000000089400000| Untracked 
| 123|0x0000000089500000, 0x0000000089500000, 0x0000000089600000|  0%| F|  |TAMS 0x0000000089500000, 0x0000000089500000| Untracked 
| 124|0x0000000089600000, 0x0000000089600000, 0x0000000089700000|  0%| F|  |TAMS 0x0000000089600000, 0x0000000089600000| Untracked 
| 125|0x0000000089700000, 0x0000000089700000, 0x0000000089800000|  0%| F|  |TAMS 0x0000000089700000, 0x0000000089700000| Untracked 
| 126|0x0000000089800000, 0x0000000089800000, 0x0000000089900000|  0%| F|  |TAMS 0x0000000089800000, 0x0000000089800000| Untracked 
| 127|0x0000000089900000, 0x0000000089900000, 0x0000000089a00000|  0%| F|  |TAMS 0x0000000089900000, 0x0000000089900000| Untracked 
| 128|0x0000000089a00000, 0x0000000089a00000, 0x0000000089b00000|  0%| F|  |TAMS 0x0000000089a00000, 0x0000000089a00000| Untracked 
| 129|0x0000000089b00000, 0x0000000089b00000, 0x0000000089c00000|  0%| F|  |TAMS 0x0000000089b00000, 0x0000000089b00000| Untracked 
| 130|0x0000000089c00000, 0x0000000089c00000, 0x0000000089d00000|  0%| F|  |TAMS 0x0000000089c00000, 0x0000000089c00000| Untracked 
| 131|0x0000000089d00000, 0x0000000089d00000, 0x0000000089e00000|  0%| F|  |TAMS 0x0000000089d00000, 0x0000000089d00000| Untracked 
| 132|0x0000000089e00000, 0x0000000089e00000, 0x0000000089f00000|  0%| F|  |TAMS 0x0000000089e00000, 0x0000000089e00000| Untracked 
| 133|0x0000000089f00000, 0x0000000089f00000, 0x000000008a000000|  0%| F|  |TAMS 0x0000000089f00000, 0x0000000089f00000| Untracked 
| 134|0x000000008a000000, 0x000000008a000000, 0x000000008a100000|  0%| F|  |TAMS 0x000000008a000000, 0x000000008a000000| Untracked 
| 135|0x000000008a100000, 0x000000008a100000, 0x000000008a200000|  0%| F|  |TAMS 0x000000008a100000, 0x000000008a100000| Untracked 
| 136|0x000000008a200000, 0x000000008a200000, 0x000000008a300000|  0%| F|  |TAMS 0x000000008a200000, 0x000000008a200000| Untracked 
| 137|0x000000008a300000, 0x000000008a300000, 0x000000008a400000|  0%| F|  |TAMS 0x000000008a300000, 0x000000008a300000| Untracked 
| 138|0x000000008a400000, 0x000000008a400000, 0x000000008a500000|  0%| F|  |TAMS 0x000000008a400000, 0x000000008a400000| Untracked 
| 139|0x000000008a500000, 0x000000008a500000, 0x000000008a600000|  0%| F|  |TAMS 0x000000008a500000, 0x000000008a500000| Untracked 
| 140|0x000000008a600000, 0x000000008a600000, 0x000000008a700000|  0%| F|  |TAMS 0x000000008a600000, 0x000000008a600000| Untracked 
| 141|0x000000008a700000, 0x000000008a700000, 0x000000008a800000|  0%| F|  |TAMS 0x000000008a700000, 0x000000008a700000| Untracked 
| 142|0x000000008a800000, 0x000000008a800000, 0x000000008a900000|  0%| F|  |TAMS 0x000000008a800000, 0x000000008a800000| Untracked 
| 143|0x000000008a900000, 0x000000008a900000, 0x000000008aa00000|  0%| F|  |TAMS 0x000000008a900000, 0x000000008a900000| Untracked 
| 144|0x000000008aa00000, 0x000000008aa00000, 0x000000008ab00000|  0%| F|  |TAMS 0x000000008aa00000, 0x000000008aa00000| Untracked 
| 145|0x000000008ab00000, 0x000000008ab00000, 0x000000008ac00000|  0%| F|  |TAMS 0x000000008ab00000, 0x000000008ab00000| Untracked 
| 146|0x000000008ac00000, 0x000000008ac00000, 0x000000008ad00000|  0%| F|  |TAMS 0x000000008ac00000, 0x000000008ac00000| Untracked 
| 147|0x000000008ad00000, 0x000000008ad00000, 0x000000008ae00000|  0%| F|  |TAMS 0x000000008ad00000, 0x000000008ad00000| Untracked 
| 148|0x000000008ae00000, 0x000000008ae00000, 0x000000008af00000|  0%| F|  |TAMS 0x000000008ae00000, 0x000000008ae00000| Untracked 
| 149|0x000000008af00000, 0x000000008af00000, 0x000000008b000000|  0%| F|  |TAMS 0x000000008af00000, 0x000000008af00000| Untracked 
| 150|0x000000008b000000, 0x000000008b000000, 0x000000008b100000|  0%| F|  |TAMS 0x000000008b000000, 0x000000008b000000| Untracked 
| 151|0x000000008b100000, 0x000000008b100000, 0x000000008b200000|  0%| F|  |TAMS 0x000000008b100000, 0x000000008b100000| Untracked 
| 152|0x000000008b200000, 0x000000008b200000, 0x000000008b300000|  0%| F|  |TAMS 0x000000008b200000, 0x000000008b200000| Untracked 
| 153|0x000000008b300000, 0x000000008b300000, 0x000000008b400000|  0%| F|  |TAMS 0x000000008b300000, 0x000000008b300000| Untracked 

Card table byte_map: [0x0000002a62270000,0x0000002a62670000] _byte_map_base: 0x0000002a61e63000

Marking Bits (Prev, Next): (CMBitMap*) 0x0000002a4f02ee48, (CMBitMap*) 0x0000002a4f02ee80
 Prev Bits: [0x0000002a62a70000, 0x0000002a64a08000)
 Next Bits: [0x0000002a64a10000, 0x0000002a669a8000)

Polling page: 0x0000002a4cdd0000

Metaspace:

Usage:
  Non-class:     47.28 MB capacity,    46.02 MB ( 97%) used,     1.03 MB (  2%) free+waste,   236.63 KB ( <1%) overhead. 
      Class:      8.19 MB capacity,     7.39 MB ( 90%) used,   710.23 KB (  8%) free+waste,   117.75 KB (  1%) overhead. 
       Both:     55.47 MB capacity,    53.40 MB ( 96%) used,     1.73 MB (  3%) free+waste,   354.38 KB ( <1%) overhead. 

Virtual space:
  Non-class space:       48.00 MB reserved,      47.42 MB ( 99%) committed 
      Class space:        1.00 GB reserved,       8.25 MB ( <1%) committed 
             Both:        1.05 GB reserved,      55.67 MB (  5%) committed 

Chunk freelists:
   Non-Class:  18.00 KB
       Class:  0 bytes
        Both:  18.00 KB

CodeHeap 'non-profiled nmethods': size=239488Kb used=9344Kb max_used=9344Kb free=230143Kb
 bounds [0x0000002a53490000, 0x0000002a53dc0000, 0x0000002a61e70000]
CodeHeap 'non-nmethods': size=6272Kb used=1323Kb max_used=1323Kb free=4948Kb
 bounds [0x0000002a52e70000, 0x0000002a530e0000, 0x0000002a53490000]
 total_blobs=5949 nmethods=5330 adapters=538
 compilation: enabled
              stopped_count=0, restarted_count=0
 full_count=0

Compilation events (10 events):
Event: 20.392 Thread 0x0000002a68d9d800 5326       1       jdk.xml.internal.SecuritySupport::getSystemProperty (13 bytes)
Event: 20.392 Thread 0x0000002a68d9d800 nmethod 5326 0x0000002a53daea90 code [0x0000002a53daec40, 0x0000002a53daee70]
Event: 20.392 Thread 0x0000002a68d9d800 5329       1       jdk.xml.internal.SecuritySupport$$Lambda$341/0x0000000840259840::run (8 bytes)
Event: 20.393 Thread 0x0000002a68d9d800 nmethod 5329 0x0000002a53daef90 code [0x0000002a53daf160, 0x0000002a53daf350]
Event: 20.393 Thread 0x0000002a68d9d800 5327       1       jdk.xml.internal.SecuritySupport$$Lambda$341/0x0000000840259840::get$Lambda (9 bytes)
Event: 20.393 Thread 0x0000002a68d9d800 nmethod 5327 0x0000002a53daf490 code [0x0000002a53daf640, 0x0000002a53daf7f8]
Event: 20.393 Thread 0x0000002a68d9d800 5328       1       jdk.xml.internal.SecuritySupport$$Lambda$341/0x0000000840259840::<init> (10 bytes)
Event: 20.393 Thread 0x0000002a68d9d800 nmethod 5328 0x0000002a53daf890 code [0x0000002a53dafa40, 0x0000002a53dafbb8]
Event: 20.394 Thread 0x0000002a68d9d800 5330   !   1       com.sun.proxy.$Proxy35::annotationType (29 bytes)
Event: 20.394 Thread 0x0000002a68d9d800 nmethod 5330 0x0000002a53dafc10 code [0x0000002a53dafe00, 0x0000002a53db00a0]

GC Heap History (10 events):
Event: 12.812 GC heap after
{Heap after GC invocations=11 (full 0):
 garbage-first heap   total 131072K, used 13988K [0x0000000081a00000, 0x0000000100000000)
  region size 1024K, 7 young (7168K), 7 survivors (7168K)
 Metaspace       used 23433K, capacity 24607K, committed 24752K, reserved 1071104K
  class space    used 3253K, capacity 3717K, committed 3840K, reserved 1048576K
}
Event: 14.647 GC heap before
{Heap before GC invocations=11 (full 0):
 garbage-first heap   total 131072K, used 83620K [0x0000000081a00000, 0x0000000100000000)
  region size 1024K, 76 young (77824K), 7 survivors (7168K)
 Metaspace       used 28599K, capacity 29911K, committed 30128K, reserved 1075200K
  class space    used 3989K, capacity 4562K, committed 4608K, reserved 1048576K
}
Event: 14.678 GC heap after
{Heap after GC invocations=12 (full 0):
 garbage-first heap   total 157696K, used 16858K [0x0000000081a00000, 0x0000000100000000)
  region size 1024K, 8 young (8192K), 8 survivors (8192K)
 Metaspace       used 28599K, capacity 29911K, committed 30128K, reserved 1075200K
  class space    used 3989K, capacity 4562K, committed 4608K, reserved 1048576K
}
Event: 15.124 GC heap before
{Heap before GC invocations=12 (full 0):
 garbage-first heap   total 157696K, used 101850K [0x0000000081a00000, 0x0000000100000000)
  region size 1024K, 92 young (94208K), 8 survivors (8192K)
 Metaspace       used 29807K, capacity 31185K, committed 31280K, reserved 1075200K
  class space    used 4144K, capacity 4730K, committed 4736K, reserved 1048576K
}
Event: 15.147 GC heap after
{Heap after GC invocations=13 (full 0):
 garbage-first heap   total 157696K, used 18405K [0x0000000081a00000, 0x0000000100000000)
  region size 1024K, 7 young (7168K), 7 survivors (7168K)
 Metaspace       used 29807K, capacity 31185K, committed 31280K, reserved 1075200K
  class space    used 4144K, capacity 4730K, committed 4736K, reserved 1048576K
}
Event: 15.909 GC heap before
{Heap before GC invocations=13 (full 0):
 garbage-first heap   total 157696K, used 49125K [0x0000000081a00000, 0x0000000100000000)
  region size 1024K, 38 young (38912K), 7 survivors (7168K)
 Metaspace       used 34371K, capacity 35787K, committed 35888K, reserved 1079296K
  class space    used 4857K, capacity 5452K, committed 5504K, reserved 1048576K
}
Event: 15.940 GC heap after
{Heap after GC invocations=14 (full 0):
 garbage-first heap   total 157696K, used 19352K [0x0000000081a00000, 0x0000000100000000)
  region size 1024K, 8 young (8192K), 8 survivors (8192K)
 Metaspace       used 34371K, capacity 35787K, committed 35888K, reserved 1079296K
  class space    used 4857K, capacity 5452K, committed 5504K, reserved 1048576K
}
Event: 18.459 GC heap before
{Heap before GC invocations=15 (full 0):
 garbage-first heap   total 157696K, used 104344K [0x0000000081a00000, 0x0000000100000000)
  region size 1024K, 92 young (94208K), 8 survivors (8192K)
 Metaspace       used 46154K, capacity 47871K, committed 48048K, reserved 1089536K
  class space    used 6446K, capacity 7130K, committed 7168K, reserved 1048576K
}
Event: 18.491 GC heap after
{Heap after GC invocations=16 (full 0):
 garbage-first heap   total 157696K, used 23383K [0x0000000081a00000, 0x0000000100000000)
  region size 1024K, 10 young (10240K), 10 survivors (10240K)
 Metaspace       used 46154K, capacity 47871K, committed 48048K, reserved 1089536K
  class space    used 6446K, capacity 7130K, committed 7168K, reserved 1048576K
}
Event: 20.399 GC heap before
{Heap before GC invocations=16 (full 0):
 garbage-first heap   total 157696K, used 107351K [0x0000000081a00000, 0x0000000100000000)
  region size 1024K, 92 young (94208K), 10 survivors (10240K)
 Metaspace       used 54683K, capacity 56805K, committed 57008K, reserved 1097728K
  class space    used 7563K, capacity 8391K, committed 8448K, reserved 1048576K
}

Deoptimization events (10 events):
Event: 20.393 Thread 0x0000002a6adf5000 DEOPT PACKING pc=0x0000002a53601174 sp=0x0000002a6bcbc900
Event: 20.393 Thread 0x0000002a6adf5000 DEOPT UNPACKING pc=0x0000002a52eacb3f sp=0x0000002a6bcbbdd8 mode 1
Event: 20.393 Thread 0x0000002a6adf5000 DEOPT PACKING pc=0x0000002a53888d4c sp=0x0000002a6bcbc9a0
Event: 20.393 Thread 0x0000002a6adf5000 DEOPT UNPACKING pc=0x0000002a52eacb3f sp=0x0000002a6bcbbf38 mode 1
Event: 20.393 Thread 0x0000002a6adf5000 DEOPT PACKING pc=0x0000002a53669ca4 sp=0x0000002a6bcbbe60
Event: 20.393 Thread 0x0000002a6adf5000 DEOPT UNPACKING pc=0x0000002a52eacb3f sp=0x0000002a6bcbb2f8 mode 1
Event: 20.393 Thread 0x0000002a6adf5000 DEOPT PACKING pc=0x0000002a53664d3c sp=0x0000002a6bcbbf30
Event: 20.393 Thread 0x0000002a6adf5000 DEOPT UNPACKING pc=0x0000002a52eacb3f sp=0x0000002a6bcbb3e8 mode 1
Event: 20.394 Thread 0x0000002a6adf5000 DEOPT PACKING pc=0x0000002a53601174 sp=0x0000002a6bcbc9b0
Event: 20.394 Thread 0x0000002a6adf5000 DEOPT UNPACKING pc=0x0000002a52eacb3f sp=0x0000002a6bcbbea0 mode 1

Classes redefined (0 events):
No events

Internal exceptions (10 events):
Event: 19.946 Thread 0x0000002a6adf5000 Exception <a 'java/lang/ClassNotFoundException'{0x00000000878ac868}: org/springframework/web/servlet/config/annotation/DelegatingWebMvcConfigurationCustomizer> (0x00000000878ac868) thrown at [c:/BuildAgent/work/5ff2f6c26000d570/src/hotspot/share/classfile
Event: 19.948 Thread 0x0000002a6adf5000 Exception <a 'java/lang/ClassNotFoundException'{0x00000000878cbb40}: org/springframework/boot/autoconfigure/web/servlet/WebMvcAutoConfiguration$EnableWebMvcConfigurationCustomizer> (0x00000000878cbb40) thrown at [c:/BuildAgent/work/5ff2f6c26000d570/src/ho
Event: 19.951 Thread 0x0000002a6adf5000 Exception <a 'java/lang/ClassNotFoundException'{0x00000000878ec8d0}: org/springframework/context/ResourceLoaderAwareCustomizer> (0x00000000878ec8d0) thrown at [c:/BuildAgent/work/5ff2f6c26000d570/src/hotspot/share/classfile/systemDictionary.cpp, line 231]
Event: 19.953 Thread 0x0000002a6adf5000 Exception <a 'java/lang/ClassNotFoundException'{0x00000000878ff2d0}: org/springframework/beans/factory/AwareCustomizer> (0x00000000878ff2d0) thrown at [c:/BuildAgent/work/5ff2f6c26000d570/src/hotspot/share/classfile/systemDictionary.cpp, line 231]
Event: 19.954 Thread 0x0000002a6adf5000 Exception <a 'java/lang/ClassNotFoundException'{0x00000000877130c0}: org/springframework/context/ApplicationContextAwareCustomizer> (0x00000000877130c0) thrown at [c:/BuildAgent/work/5ff2f6c26000d570/src/hotspot/share/classfile/systemDictionary.cpp, line 
Event: 19.955 Thread 0x0000002a6adf5000 Exception <a 'java/lang/ClassNotFoundException'{0x0000000087726450}: org/springframework/beans/factory/AwareCustomizer> (0x0000000087726450) thrown at [c:/BuildAgent/work/5ff2f6c26000d570/src/hotspot/share/classfile/systemDictionary.cpp, line 231]
Event: 19.955 Thread 0x0000002a6adf5000 Exception <a 'java/lang/ClassNotFoundException'{0x0000000087739d90}: org/springframework/web/context/ServletContextAwareCustomizer> (0x0000000087739d90) thrown at [c:/BuildAgent/work/5ff2f6c26000d570/src/hotspot/share/classfile/systemDictionary.cpp, line 
Event: 19.956 Thread 0x0000002a6adf5000 Exception <a 'java/lang/ClassNotFoundException'{0x000000008774cbf8}: org/springframework/beans/factory/AwareCustomizer> (0x000000008774cbf8) thrown at [c:/BuildAgent/work/5ff2f6c26000d570/src/hotspot/share/classfile/systemDictionary.cpp, line 231]
Event: 20.179 Thread 0x0000002a6adf5000 Exception <a 'java/lang/NoSuchMethodError'{0x0000000086dcbfc0}: 'void java.lang.invoke.DirectMethodHandle$Holder.invokeVirtual(java.lang.Object, java.lang.Object, long)'> (0x0000000086dcbfc0) thrown at [c:/BuildAgent/work/5ff2f6c26000d570/src/hotspot/shar
Event: 20.359 Thread 0x0000002a6adf5000 Exception <a 'java/lang/IncompatibleClassChangeError'{0x00000000863591b8}: Found class java.lang.Object, but interface was expected> (0x00000000863591b8) thrown at [c:/BuildAgent/work/5ff2f6c26000d570/src/hotspot/share/interpreter/linkResolver.cpp, line 8

Events (10 events):
Event: 20.387 loading class org/springframework/web/util/UriBuilder done
Event: 20.393 loading class org/joda/time/YearMonth
Event: 20.393 loading class org/joda/time/YearMonth done
Event: 20.393 loading class org/joda/time$YearMonth
Event: 20.393 loading class org/joda/time$YearMonth done
Event: 20.398 loading class org/springframework/web/servlet/mvc/annotation/ResponseStatusExceptionResolver
Event: 20.398 loading class org/springframework/web/servlet/mvc/annotation/ResponseStatusExceptionResolver done
Event: 20.398 loading class org/springframework/web/servlet/mvc/support/DefaultHandlerExceptionResolver
Event: 20.398 loading class org/springframework/web/servlet/mvc/support/DefaultHandlerExceptionResolver done
Event: 20.399 Executing VM operation: G1CollectForAllocation


Dynamic libraries:
0x00007ff7be790000 - 0x00007ff7be7d7000 	D:\Program Files\JetBrains\IntelliJ IDEA 2019.2.4.2\jbr\bin\java.exe
0x00007ffe26b50000 - 0x00007ffe26cfd000 	C:\Windows\SYSTEM32\ntdll.dll
0x00007ffe26390000 - 0x00007ffe264ce000 	C:\Windows\system32\KERNEL32.DLL
0x00007ffe240b0000 - 0x00007ffe241c5000 	C:\Windows\system32\KERNELBASE.dll
0x00007ffe25f10000 - 0x00007ffe26087000 	C:\Windows\system32\USER32.dll
0x00007ffe219a0000 - 0x00007ffe21c1b000 	C:\Windows\WinSxS\amd64_microsoft.windows.common-controls_6595b64144ccf1df_6.0.9600.18006_none_623f33d3ecbe86e8\COMCTL32.dll
0x00007ffe26920000 - 0x00007ffe26a6b000 	C:\Windows\system32\GDI32.dll
0x00007ffe24750000 - 0x00007ffe247fa000 	C:\Windows\system32\msvcrt.dll
0x00007ffe245f0000 - 0x00007ffe24626000 	C:\Windows\system32\IMM32.DLL
0x00007ffe264e0000 - 0x00007ffe26632000 	C:\Windows\system32\MSCTF.dll
0x00007ffe11470000 - 0x00007ffe11487000 	D:\Program Files\JetBrains\IntelliJ IDEA 2019.2.4.2\jbr\bin\vcruntime140.dll
0x00007ffe1d1b0000 - 0x00007ffe1d1b4000 	D:\Program Files\JetBrains\IntelliJ IDEA 2019.2.4.2\jbr\bin\api-ms-win-crt-runtime-l1-1-0.dll
0x00007ffe1c590000 - 0x00007ffe1c594000 	D:\Program Files\JetBrains\IntelliJ IDEA 2019.2.4.2\jbr\bin\api-ms-win-crt-string-l1-1-0.dll
0x00007ffe1c400000 - 0x00007ffe1c403000 	D:\Program Files\JetBrains\IntelliJ IDEA 2019.2.4.2\jbr\bin\api-ms-win-crt-heap-l1-1-0.dll
0x00007ffe1c370000 - 0x00007ffe1c374000 	D:\Program Files\JetBrains\IntelliJ IDEA 2019.2.4.2\jbr\bin\api-ms-win-crt-stdio-l1-1-0.dll
0x00007ffe1c140000 - 0x00007ffe1c144000 	D:\Program Files\JetBrains\IntelliJ IDEA 2019.2.4.2\jbr\bin\api-ms-win-crt-convert-l1-1-0.dll
0x00007ffe06d30000 - 0x00007ffe06e2a000 	D:\Program Files\JetBrains\IntelliJ IDEA 2019.2.4.2\jbr\bin\ucrtbase.DLL
0x00007ffe063b0000 - 0x00007ffe0644d000 	D:\Program Files\JetBrains\IntelliJ IDEA 2019.2.4.2\jbr\bin\msvcp140.dll
0x00007ffe1b4f0000 - 0x00007ffe1b4f3000 	D:\Program Files\JetBrains\IntelliJ IDEA 2019.2.4.2\jbr\bin\api-ms-win-crt-locale-l1-1-0.dll
0x00007ffe1a630000 - 0x00007ffe1a635000 	D:\Program Files\JetBrains\IntelliJ IDEA 2019.2.4.2\jbr\bin\api-ms-win-crt-math-l1-1-0.dll
0x00007ffe1a570000 - 0x00007ffe1a575000 	D:\Program Files\JetBrains\IntelliJ IDEA 2019.2.4.2\jbr\bin\api-ms-win-crt-multibyte-l1-1-0.dll
0x00007ffe1a520000 - 0x00007ffe1a523000 	D:\Program Files\JetBrains\IntelliJ IDEA 2019.2.4.2\jbr\bin\api-ms-win-crt-time-l1-1-0.dll
0x00007ffe1a330000 - 0x00007ffe1a333000 	D:\Program Files\JetBrains\IntelliJ IDEA 2019.2.4.2\jbr\bin\api-ms-win-crt-filesystem-l1-1-0.dll
0x00007ffe1a210000 - 0x00007ffe1a213000 	D:\Program Files\JetBrains\IntelliJ IDEA 2019.2.4.2\jbr\bin\api-ms-win-crt-environment-l1-1-0.dll
0x00007ffe19e50000 - 0x00007ffe19e53000 	D:\Program Files\JetBrains\IntelliJ IDEA 2019.2.4.2\jbr\bin\api-ms-win-crt-utility-l1-1-0.dll
0x00007ffdfc450000 - 0x00007ffdfcf08000 	D:\Program Files\JetBrains\IntelliJ IDEA 2019.2.4.2\jbr\bin\server\jvm.dll
0x00007ffe25d90000 - 0x00007ffe25e3a000 	C:\Windows\system32\ADVAPI32.dll
0x00007ffe12e00000 - 0x00007ffe12e09000 	C:\Windows\SYSTEM32\WSOCK32.dll
0x00007ffe1c8a0000 - 0x00007ffe1c8c2000 	C:\Windows\SYSTEM32\WINMM.dll
0x00007ffe19d10000 - 0x00007ffe19d1a000 	C:\Windows\SYSTEM32\VERSION.dll
0x00007ffe264d0000 - 0x00007ffe264d7000 	C:\Windows\system32\PSAPI.DLL
0x00007ffe25e40000 - 0x00007ffe25e99000 	C:\Windows\SYSTEM32\sechost.dll
0x00007ffe26090000 - 0x00007ffe261d0000 	C:\Windows\system32\RPCRT4.dll
0x00007ffe243f0000 - 0x00007ffe2444a000 	C:\Windows\system32\WS2_32.dll
0x00007ffe1c870000 - 0x00007ffe1c89a000 	C:\Windows\SYSTEM32\WINMMBASE.dll
0x00007ffe23fd0000 - 0x00007ffe23ffe000 	C:\Windows\system32\SspiCli.dll
0x00007ffe26b40000 - 0x00007ffe26b49000 	C:\Windows\system32\NSI.dll
0x00007ffe24000000 - 0x00007ffe2404f000 	C:\Windows\SYSTEM32\cfgmgr32.dll
0x00007ffe22a80000 - 0x00007ffe22aa8000 	C:\Windows\SYSTEM32\DEVOBJ.dll
0x00007ffe1c1f0000 - 0x00007ffe1c201000 	D:\Program Files\JetBrains\IntelliJ IDEA 2019.2.4.2\jbr\bin\verify.dll
0x00007ffe13840000 - 0x00007ffe139c9000 	C:\Windows\SYSTEM32\DBGHELP.DLL
0x00007ffe1c170000 - 0x00007ffe1c199000 	D:\Program Files\JetBrains\IntelliJ IDEA 2019.2.4.2\jbr\bin\java.dll
0x00007ffe113c0000 - 0x00007ffe113f8000 	D:\Program Files\JetBrains\IntelliJ IDEA 2019.2.4.2\jbr\bin\jdwp.dll
0x00007ffe0d8c0000 - 0x00007ffe0d8f4000 	D:\Program Files\JetBrains\IntelliJ IDEA 2019.2.4.2\jbr\bin\instrument.dll
0x00007ffe1a340000 - 0x00007ffe1a357000 	D:\Program Files\JetBrains\IntelliJ IDEA 2019.2.4.2\jbr\bin\zip.dll
0x00007ffe1f2a0000 - 0x00007ffe1f2ab000 	D:\Program Files\JetBrains\IntelliJ IDEA 2019.2.4.2\jbr\bin\jimage.dll
0x00007ffe24800000 - 0x00007ffe25d29000 	C:\Windows\system32\SHELL32.dll
0x00007ffe241d0000 - 0x00007ffe243e2000 	C:\Windows\SYSTEM32\combase.dll
0x00007ffe25d30000 - 0x00007ffe25d84000 	C:\Windows\system32\SHLWAPI.dll
0x00007ffe22490000 - 0x00007ffe22542000 	C:\Windows\SYSTEM32\SHCORE.dll
0x00007ffe23c70000 - 0x00007ffe23c85000 	C:\Windows\SYSTEM32\profapi.dll
0x00007ffe21e10000 - 0x00007ffe21e1b000 	D:\Program Files\JetBrains\IntelliJ IDEA 2019.2.4.2\jbr\bin\dt_socket.dll
0x00007ffe23480000 - 0x00007ffe234d9000 	C:\Windows\system32\mswsock.dll
0x00007ffe19b60000 - 0x00007ffe19b7a000 	D:\Program Files\JetBrains\IntelliJ IDEA 2019.2.4.2\jbr\bin\net.dll
0x00007ffe1a680000 - 0x00007ffe1a747000 	C:\Windows\SYSTEM32\WINHTTP.dll
0x00007ffe181f0000 - 0x00007ffe18375000 	C:\Windows\SYSTEM32\urlmon.dll
0x00007ffe24450000 - 0x00007ffe245e4000 	C:\Windows\system32\ole32.dll
0x00007ffe1ca80000 - 0x00007ffe1cd4a000 	C:\Windows\SYSTEM32\iertutil.dll
0x00007ffe1cd50000 - 0x00007ffe1d071000 	C:\Windows\SYSTEM32\WININET.dll
0x00007ffe23250000 - 0x00007ffe23271000 	C:\Windows\SYSTEM32\USERENV.dll
0x00007ffe18f20000 - 0x00007ffe18f34000 	D:\Program Files\JetBrains\IntelliJ IDEA 2019.2.4.2\jbr\bin\nio.dll
0x00007ffe23280000 - 0x00007ffe23324000 	C:\Windows\SYSTEM32\DNSAPI.dll
0x00007ffe107d0000 - 0x00007ffe107da000 	C:\Windows\System32\rasadhlp.dll
0x00007ffe1e880000 - 0x00007ffe1e8eb000 	C:\Windows\System32\fwpuclnt.dll
0x00007ffe1d680000 - 0x00007ffe1d68a000 	D:\Program Files\JetBrains\IntelliJ IDEA 2019.2.4.2\jbr\bin\management.dll
0x00007ffe1d440000 - 0x00007ffe1d44c000 	D:\Program Files\JetBrains\IntelliJ IDEA 2019.2.4.2\jbr\bin\management_ext.dll
0x00007ffe235f0000 - 0x00007ffe23610000 	C:\Windows\SYSTEM32\CRYPTSP.dll
0x00007ffe22fc0000 - 0x00007ffe22ff6000 	C:\Windows\system32\rsaenh.dll
0x00007ffe23750000 - 0x00007ffe23776000 	C:\Windows\SYSTEM32\bcrypt.dll
0x00007ffe23a70000 - 0x00007ffe23ad3000 	C:\Windows\system32\bcryptprimitives.dll
0x00007ffe23ae0000 - 0x00007ffe23aeb000 	C:\Windows\SYSTEM32\CRYPTBASE.dll
0x00007ffe1ebb0000 - 0x00007ffe1ebda000 	C:\Windows\SYSTEM32\IPHLPAPI.DLL
0x00007ffe1eb90000 - 0x00007ffe1eb9a000 	C:\Windows\SYSTEM32\WINNSI.DLL
0x00007ffe1e700000 - 0x00007ffe1e716000 	C:\Windows\SYSTEM32\dhcpcsvc6.DLL
0x00007ffe1e840000 - 0x00007ffe1e85a000 	C:\Windows\SYSTEM32\dhcpcsvc.DLL
0x00007ffe1fcb0000 - 0x00007ffe1fcc5000 	C:\Windows\system32\napinsp.dll
0x00007ffe1f8d0000 - 0x00007ffe1f8ea000 	C:\Windows\system32\pnrpnsp.dll
0x00007ffe21430000 - 0x00007ffe2144b000 	C:\Windows\system32\NLAapi.dll
0x00007ffe1fdc0000 - 0x00007ffe1fdcd000 	C:\Windows\System32\winrnr.dll
0x00007ffe1d1f0000 - 0x00007ffe1d204000 	C:\Windows\system32\wshbth.dll
0x00007ffe0e6a0000 - 0x00007ffe0e6c8000 	D:\Program Files\JetBrains\IntelliJ IDEA 2019.2.4.2\jbr\bin\sunec.dll

dbghelp: loaded successfully - version: 4.0.5 - missing functions: none
symbol engine: initialized successfully - sym options: 0x614 - pdb path: .;D:\Program Files\JetBrains\IntelliJ IDEA 2019.2.4.2\jbr\bin;C:\Windows\SYSTEM32;C:\Windows\WinSxS\amd64_microsoft.windows.common-controls_6595b64144ccf1df_6.0.9600.18006_none_623f33d3ecbe86e8;D:\Program Files\JetBrains\IntelliJ IDEA 2019.2.4.2\jbr\bin\server

VM Arguments:
jvm_args: -agentlib:jdwp=transport=dt_socket,address=127.0.0.1:53972,suspend=y,server=n -XX:TieredStopAtLevel=1 -Xverify:none -Dspring.output.ansi.enabled=always -Dcom.sun.management.jmxremote -Dspring.jmx.enabled=true -Dspring.liveBeansView.mbeanDomain -Dspring.application.admin.enabled=true -javaagent:C:\Users\9E4A~1\AppData\Local\Temp\captureAgent1021jars\debugger-agent.jar -Dfile.encoding=UTF-8 
java_command: com.server.testplatform.testplatform.TestplatformApplication
java_class_path (initial): D:\java\testplatform\testplatform\target\classes;C:\Users\À ä ì è í\.m2\repository\org\springframework\boot\spring-boot-starter-data-jpa\2.7.1\spring-boot-starter-data-jpa-2.7.1.jar;C:\Users\À ä ì è í\.m2\repository\org\springframework\boot\spring-boot-starter-aop\2.7.1\spring-boot-starter-aop-2.7.1.jar;C:\Users\À ä ì è í\.m2\repository\org\aspectj\aspectjweaver\1.9.7\aspectjweaver-1.9.7.jar;C:\Users\À ä ì è í\.m2\repository\org\springframework\boot\spring-boot-starter-jdbc\2.7.1\spring-boot-starter-jdbc-2.7.1.jar;C:\Users\À ä ì è í\.m2\repository\com\zaxxer\HikariCP\4.0.3\HikariCP-4.0.3.jar;C:\Users\À ä ì è í\.m2\repository\org\springframework\spring-jdbc\5.3.21\spring-jdbc-5.3.21.jar;C:\Users\À ä ì è í\.m2\repository\jakarta\transaction\jakarta.transaction-api\1.3.3\jakarta.transaction-api-1.3.3.jar;C:\Users\À ä ì è í\.m2\repository\jakarta\persistence\jakarta.persistence-api\2.2.3\jakarta.persistence-api-2.2.3.jar;C:\Users\À ä ì è í\.m2\repository\org\hibernate\hibernate-core\5.6.9.Final\hibernate-core-5.6.9.Final.jar;C:\Users\À ä ì è í\.m2\repository\net\bytebuddy\byte-buddy\1.12.11\byte-buddy-1.12.11.jar;C:\Users\À ä ì è í\.m2\repository\antlr\antlr\2.7.7\antlr-2.7.7.jar;C:\Users\À ä ì è í\.m2\repository\org\jboss\jandex\2.4.2.Final\jandex-2.4.2.Final.jar;C:\Users\À ä ì è í\.m2\repository\com\fasterxml\classmate\1.5.1\classmate-1.5.1.jar;C:\Users\À ä ì è í\.m2\repository\org\hibernate\common\hibernate-commons-annotations\5.1.2.Final\hibernate-commons-annotations-5.1.2.Final.jar;C:\Users\À ä ì è í\.m2\repository\org\glassfish\jaxb\jaxb-runtime\2.3.6\jaxb-runtime-2.3.6.jar;C:\Users\À ä ì è í\.m2\repository\org\glassfish\jaxb\txw2\2.3.6\txw2-2.3.6.jar;C:\Users\À ä ì è í\.m2\repository\com\sun\istack\istack-commons-runtime\3.0.12\istack-commons-runtime-3.0.12.jar;C:\Users\À ä ì è í\.m2\repository\com\sun\activation\jakarta.activation\1.2.2\jakarta.activation-1.2.2.jar;C:\Users\À ä ì è í\.m2\repository\org\springframework\data\spring-dat
Launcher Type: SUN_STANDARD

[Global flags]
     bool BytecodeVerificationLocal                = false                                     {product} {command line}
     bool BytecodeVerificationRemote               = false                                     {product} {command line}
     intx CICompilerCount                          = 2                                         {product} {ergonomic}
     uint ConcGCThreads                            = 1                                         {product} {ergonomic}
     uint G1ConcRefinementThreads                  = 2                                         {product} {ergonomic}
   size_t G1HeapRegionSize                         = 1048576                                   {product} {ergonomic}
    uintx GCDrainStackTargetSize                   = 64                                        {product} {ergonomic}
   size_t InitialHeapSize                          = 134217728                                 {product} {ergonomic}
     bool ManagementServer                         = true                                      {product} {command line}
   size_t MarkStackSize                            = 4194304                                   {product} {ergonomic}
   size_t MaxHeapSize                              = 2120220672                                {product} {ergonomic}
   size_t MaxNewSize                               = 1271922688                                {product} {ergonomic}
   size_t MinHeapDeltaBytes                        = 1048576                                   {product} {ergonomic}
    uintx NonNMethodCodeHeapSize                   = 6396312                                {pd product} {ergonomic}
    uintx NonProfiledCodeHeapSize                  = 245261928                              {pd product} {ergonomic}
    uintx ProfiledCodeHeapSize                     = 0                                      {pd product} {ergonomic}
    uintx ReservedCodeCacheSize                    = 251658240                              {pd product} {ergonomic}
     bool SegmentedCodeCache                       = true                                      {product} {ergonomic}
     intx TieredStopAtLevel                        = 1                                         {product} {command line}
     bool UseCompressedClassPointers               = true                                 {lp64_product} {ergonomic}
     bool UseCompressedOops                        = true                                 {lp64_product} {ergonomic}
     bool UseG1GC                                  = true                                      {product} {ergonomic}
     bool UseLargePagesIndividualAllocation        = false                                  {pd product} {ergonomic}

Logging:
Log output configuration:
 #0: stdout all=warning uptime,level,tags
 #1: stderr all=off uptime,level,tags

Environment Variables:
JAVA_HOME=C:\Program Files\Java\jdk-13.0.2
PATH=D:\Program Files (x86)\NetSarang\Xshell 6\;C:\ProgramData\Oracle\Java\javapath;D:\java\grandle\gradle-3.2.1-bin\gradle-3.2.1\bin\;C:\Windows\system32;C:\Windows;C:\Windows\System32\Wbem;C:\Windows\System32\WindowsPowerShell\v1.0\;C:\ProgramData\chocolatey\bin;C:\Program Files\dotnet\;C:\Program Files\Git\cmd;D:\Program Files (x86)\NetSarang\Xshell 7\;C:\Program Files\Java\jdk-13.0.2\bin;C:\Program Files\cURL\bin;D:\Program Files\nodejs\;D:\java\grandle\gradle-3.2.1-bin\gradle-3.2.1\bin\;C:\tools\dart-sdk\bin;C:\Users\À ä ì è í\AppData\Roaming\Pub\Cache\bin;C:\Users\À ä ì è í\.dotnet\tools;D:\java\testHh\maven\apache-maven-3.6.3\bin;D:\java\testHh\maven\apache-maven-3.6.3\bin;D:\Program Files\Docker Toolbox;C:\Users\À ä ì è í\AppData\Roaming\npm;D:\Users\À ä ì è í\AppData\Local\Programs\Microsoft VS Code\bin
USERNAME=À ä ì è í
OS=Windows_NT
PROCESSOR_IDENTIFIER=Intel64 Family 6 Model 58 Stepping 9, GenuineIntel



---------------  S Y S T E M  ---------------

OS: Windows 8.1 , 64 bit Build 9600 (6.3.9600.17415)

CPU:total 2 (initial active 2) (2 cores per cpu, 1 threads per core) family 6 model 58 stepping 9, cmov, cx8, fxsr, mmx, sse, sse2, sse3, ssse3, sse4.1, sse4.2, popcnt, clmul, erms, tsc, tscinvbit, tscinv

Memory: 4k page, system-wide physical 8083M (715M free)
TotalPageFile size 12131M (AvailPageFile size 35M)
current process WorkingSet (physical memory assigned to process): 267M, peak: 267M
current process commit charge ("private bytes"): 324M, peak: 355M

vm_info: OpenJDK 64-Bit Server VM (11.0.4+10-b304.77) for windows-amd64 JRE (11.0.4+10-b304.77), built on Oct 10 2019 15:02:36 by "" with MS VC++ 14.0 (VS2015)

END.
